<?xml version="1.0" encoding="utf-8"?><testsuites name="pytest tests"><testsuite name="pytest" errors="0" failures="0" skipped="0" tests="65" time="2.598" timestamp="2026-04-22T20:00:29.849637+00:00" hostname="agent-env-3af3b5cd-5df9-4b32-995f-dc5659a86532"><testcase classname="tests.test_backend" name="test_health" time="0.007" /><testcase classname="tests.test_backend" name="test_envelope_success_shape" time="0.005" /><testcase classname="tests.test_backend" name="test_envelope_error_shape" time="0.006" /><testcase classname="tests.test_backend" name="test_register_customer_returns_tokens" time="0.090" /><testcase classname="tests.test_backend" name="test_login_all_roles" time="0.247" /><testcase classname="tests.test_backend" name="test_refresh_token_rotation" time="0.096" /><testcase classname="tests.test_backend" name="test_otp_flow_issues_tokens" time="0.017" /><testcase classname="tests.test_backend" name="test_rbac_customer_blocked_on_admin_endpoint" time="0.086" /><testcase classname="tests.test_backend" name="test_rbac_customer_blocked_on_lenders_create" time="0.004" /><testcase classname="tests.test_backend" name="test_loan_products_list_public" time="0.006" /><testcase classname="tests.test_backend" name="test_loan_products_eligibility" time="0.006" /><testcase classname="tests.test_backend" name="test_customer_profile_masks_pan_aadhaar" time="0.013" /><testcase classname="tests.test_backend" name="test_illegal_transition_rejected" time="0.179" /><testcase classname="tests.test_backend" name="test_customer_cannot_drive_non_cancel_transition" time="0.006" /><testcase classname="tests.test_backend" name="test_admin_drives_full_lifecycle" time="0.060" /><testcase classname="tests.test_backend" name="test_customer_can_cancel_own_application" time="0.100" /><testcase classname="tests.test_backend" name="test_partner_creates_and_lists_own_leads" time="0.108" /><testcase classname="tests.test_backend" name="test_leads_bulk_cap" time="0.016" /><testcase classname="tests.test_backend" name="test_documents_presign_register_download" time="0.016" /><testcase classname="tests.test_backend" name="test_notifications_read_flow" time="0.019" /><testcase classname="tests.test_backend" name="test_analytics_admin_funnel" time="0.006" /><testcase classname="tests.test_backend" name="test_analytics_partner_summary" time="0.007" /><testcase classname="tests.test_backend" name="test_analytics_partner_blocked_for_customer" time="0.004" /><testcase classname="tests.test_fix_verification" name="test_proxy_strips_content_encoding_on_gzip_accept" time="0.003" /><testcase classname="tests.test_fix_verification" name="test_proxy_raw_bytes_are_plain_json_when_gzip_accept" time="0.003" /><testcase classname="tests.test_fix_verification" name="test_login_returns_200_not_201" time="0.083" /><testcase classname="tests.test_fix_verification" name="test_refresh_returns_200_not_201" time="0.089" /><testcase classname="tests.test_fix_verification" name="test_otp_request_and_verify_return_200_not_201" time="0.014" /><testcase classname="tests.test_fix_verification" name="test_logout_returns_200_not_201" time="0.088" /><testcase classname="tests.test_fix_verification" name="test_notifications_returns_paginated_envelope" time="0.087" /><testcase classname="tests.test_fix_verification" name="test_presign_returns_storage_key_and_key_aliases" time="0.086" /><testcase classname="tests.test_fix_verification" name="test_bulk_leads_3000_rows_returns_400_row_cap" time="0.092" /><testcase classname="tests.test_fix_verification" name="test_oversized_body_returns_413_payload_too_large" time="0.132" /><testcase classname="tests.test_optional_auth_guard.TestOptionalAuthOnPublicQuoteRoute" name="test_valid_token_populates_user_id" time="0.011" /><testcase classname="tests.test_optional_auth_guard.TestOptionalAuthOnPublicQuoteRoute" name="test_no_header_yields_null_user_id" time="0.015" /><testcase classname="tests.test_optional_auth_guard.TestOptionalAuthOnPublicQuoteRoute" name="test_bad_token_still_returns_200_with_null_user_id[malformed_not_a_jwt-this.is.not-a-jwt]" time="0.007" /><testcase classname="tests.test_optional_auth_guard.TestOptionalAuthOnPublicQuoteRoute" name="test_bad_token_still_returns_200_with_null_user_id[random_string-abcdefg12345]" time="0.007" /><testcase classname="tests.test_optional_auth_guard.TestOptionalAuthOnPublicQuoteRoute" name="test_bad_token_still_returns_200_with_null_user_id[three_junk_parts-aaa.bbb.ccc]" time="0.006" /><testcase classname="tests.test_optional_auth_guard.TestOptionalAuthOnPublicQuoteRoute" name="test_bad_token_still_returns_200_with_null_user_id[expired_or_bad_sig_jwt-eyJhbGciOiJIUzI1NiIsInR5cCI6IkpXVCJ9.eyJzdWIiOiJ0ZXN0IiwiaWF0IjoxNjAwMDAwMDAwLCJleHAiOjE3MDAwMDAwMDB9.invalidsignature]" time="0.008" /><testcase classname="tests.test_optional_auth_guard.TestProtectedRoutesStillGuarded" name="test_auth_me_without_token_is_401" time="0.003" /><testcase classname="tests.test_optional_auth_guard.TestProtectedRoutesStillGuarded" name="test_auth_me_with_valid_token_is_200" time="0.004" /><testcase classname="tests.test_optional_auth_guard.TestProtectedRoutesStillGuarded" name="test_loan_applications_mine_without_token_is_401" time="0.003" /><testcase classname="tests.test_optional_auth_guard.TestProtectedRoutesStillGuarded" name="test_loan_applications_mine_with_valid_token_is_200" time="0.008" /><testcase classname="tests.test_optional_auth_guard.TestProtectedRoutesStillGuarded" name="test_auth_me_with_malformed_token_is_401" time="0.003" /><testcase classname="tests.test_quotes.TestQuoteCreatePublic" name="test_create_quote_unauth_returns_ranked_offers" time="0.006" /><testcase classname="tests.test_quotes.TestQuoteCreatePublic" name="test_expires_at_is_24h_after_created_at" time="0.006" /><testcase classname="tests.test_quotes.TestQuoteCreatePublic" name="test_emi_math_500k_36m_at_1049pct" time="0.006" /><testcase classname="tests.test_quotes.TestQuoteCreatePublic" name="test_create_quote_with_jwt_binds_user_id" time="0.010" /><testcase classname="tests.test_quotes.TestQuoteCreatePublic" name="test_create_quote_no_matching_products_returns_zero_offers" time="0.005" /><testcase classname="tests.test_quotes.TestQuoteGet" name="test_get_existing_quote_returns_same_payload" time="0.009" /><testcase classname="tests.test_quotes.TestQuoteGet" name="test_get_unknown_quote_returns_404_envelope" time="0.003" /><testcase classname="tests.test_quotes.TestQuoteApplyRBAC" name="test_admin_forbidden" time="0.009" /><testcase classname="tests.test_quotes.TestQuoteApplyRBAC" name="test_partner_forbidden" time="0.009" /><testcase classname="tests.test_quotes.TestQuoteApplyRBAC" name="test_anon_unauthorized" time="0.008" /><testcase classname="tests.test_quotes.TestQuoteApplyConversion" name="test_customer_apply_creates_lead_application" time="0.018" /><testcase classname="tests.test_quotes.TestQuoteApplyConversion" name="test_customer_apply_with_specific_product_id" time="0.017" /><testcase classname="tests.test_quotes.TestQuoteApplyConversion" name="test_customer_apply_on_zero_offer_quote_returns_400" time="0.010" /><testcase classname="tests.test_quotes.TestQuotePersistenceImmediate" name="test_create_then_get_within_seconds" time="0.510" /><testcase classname="tests.test_quotes_share_and_storage.TestQuoteShareCreate" name="test_share_returns_slug_url_and_expiry" time="0.008" /><testcase classname="tests.test_quotes_share_and_storage.TestQuoteShareCreate" name="test_share_nonexistent_quote_returns_404" time="0.003" /><testcase classname="tests.test_quotes_share_and_storage.TestQuoteShareCreate" name="test_share_twice_yields_two_distinct_resolving_slugs" time="0.016" /><testcase classname="tests.test_quotes_share_and_storage.TestQuoteShareFetch" name="test_public_fetch_returns_offers_and_strips_pii" time="0.012" /><testcase classname="tests.test_quotes_share_and_storage.TestQuoteShareFetch" name="test_public_fetch_unknown_slug_returns_404_envelope" time="0.003" /><testcase classname="tests.test_quotes_share_and_storage.TestQuoteShareFetch" name="test_anon_created_quote_share_hides_contact" time="0.012" /><testcase classname="tests.test_quotes_share_and_storage.TestStoragePresignMockMode" name="test_presign_mock_mode_shape" time="0.005" /></testsuite></testsuites>